Added Component: Designator=C1(CAPC2012L)
Added Component: Designator=C2(CAPC2012L)
Added Component: Designator=C3(RESC2012L)
Added Component: Designator=C4(RESC2012L)
Added Component: Designator=C5(RESC2012L)
Added Component: Designator=C6(RESC2012L)
Added Component: Designator=C7(CAPC2512L)
Added Component: Designator=C8(CAPR5-4X5)
Added Component: Designator=C9(CAPR5-4X5)
Added Component: Designator=C10(CAPR5-4X5)
Added Component: Designator=C11(CAPC2512L)
Added Component: Designator=C12(CAPC2512L)
Added Component: Designator=C13(CAPPR5-5x5)
Added Component: Designator=C14(CAPPR5-5x5)
Added Component: Designator=C15(CAPC1608L)
Added Component: Designator=C16(CAPC1608L)
Added Component: Designator=C17(CAPC1608L)
Added Component: Designator=D1(DSO-F2/D6.1)
Added Component: Designator=J1(KLD-0202)
Added Component: Designator=P1(HDR2X5)
Added Component: Designator=P2(HDR1X5)
Added Component: Designator=P3(BNC_RA CON)
Added Component: Designator=P4(HDR1X2H)
Added Component: Designator=Q1(SOT95P245X110-6N)
Added Component: Designator=R1(RESC2012L)
Added Component: Designator=R2(VR_white)
Added Component: Designator=R5(AXIAL-0.3)
Added Component: Designator=R6(AXIAL-0.3)
Added Component: Designator=R7(AXIAL-0.3)
Added Component: Designator=R8(AXIAL-0.3)
Added Component: Designator=R9(AXIAL-0.3)
Added Component: Designator=R10(AXIAL-0.3)
Added Component: Designator=R11(R25_turn_Top)
Added Component: Designator=R12(RESC2012L)
Added Component: Designator=R13(RESC2012L)
Added Component: Designator=R14(RESC2012L)
Added Component: Designator=R15(RESC2012L)
Added Component: Designator=T1(Transformer)
Added Component: Designator=U1(TQFP-PT44_N)
Added Component: Designator=U2(DIP8)
Added Component: Designator=U3(DIP8)
Added Component: Designator=U4(TO-220AB)
Added Component: Designator=U5(TLP181)
Added Component: Designator=Y1(CRYSTRAL)
Added Pin To Net: NetName=+5VISO Pin=C3-2
Added Pin To Net: NetName=+5VISO Pin=C4-2
Added Pin To Net: NetName=+5VISO Pin=C5-2
Added Pin To Net: NetName=+5VISO Pin=C6-2
Added Pin To Net: NetName=+5VISO Pin=C10-1
Added Pin To Net: NetName=+5VISO Pin=C11-1
Added Pin To Net: NetName=+5VISO Pin=P1-1
Added Pin To Net: NetName=+5VISO Pin=P2-2
Added Pin To Net: NetName=+5VISO Pin=R1-2
Added Pin To Net: NetName=+5VISO Pin=R2-3
Added Pin To Net: NetName=+5VISO Pin=T1-6
Added Pin To Net: NetName=+5VISO Pin=U1-7
Added Pin To Net: NetName=+5VISO Pin=U1-17
Added Pin To Net: NetName=+5VISO Pin=U1-28
Added Pin To Net: NetName=+5VISO Pin=U1-40
Added Pin To Net: NetName=+5VISO Pin=U2-8
Added Pin To Net: NetName=+5VISO Pin=U3-8
Added Net: Name=+5VISO
Added Pin To Net: NetName=+5V Pin=C17-1
Added Pin To Net: NetName=+5V Pin=T1-1
Added Pin To Net: NetName=+5V Pin=U4-3
Added Net: Name=+5V
Added Pin To Net: NetName=+12V Pin=C15-1
Added Pin To Net: NetName=+12V Pin=C16-1
Added Pin To Net: NetName=+12V Pin=J1-1
Added Pin To Net: NetName=+12V Pin=J1-1A
Added Pin To Net: NetName=+12V Pin=J1-1B
Added Pin To Net: NetName=+12V Pin=Q1-1
Added Pin To Net: NetName=+12V Pin=R12-1
Added Pin To Net: NetName=+12V Pin=U4-1
Added Net: Name=+12V
Added Pin To Net: NetName=-5VISO Pin=C7-1
Added Pin To Net: NetName=-5VISO Pin=C8-2
Added Pin To Net: NetName=-5VISO Pin=C14-2
Added Pin To Net: NetName=-5VISO Pin=R8-1
Added Pin To Net: NetName=-5VISO Pin=U2-4
Added Pin To Net: NetName=-5VISO Pin=U3-5
Added Net: Name=-5VISO
Added Pin To Net: NetName=D4_LCD Pin=P1-3
Added Pin To Net: NetName=D4_LCD Pin=U1-23
Added Net: Name=D4_LCD
Added Pin To Net: NetName=D5_LCD Pin=P1-5
Added Pin To Net: NetName=D5_LCD Pin=U1-24
Added Net: Name=D5_LCD
Added Pin To Net: NetName=D6_LCD Pin=P1-7
Added Pin To Net: NetName=D6_LCD Pin=U1-25
Added Net: Name=D6_LCD
Added Pin To Net: NetName=D7_LCD Pin=P1-9
Added Pin To Net: NetName=D7_LCD Pin=U1-26
Added Net: Name=D7_LCD
Added Pin To Net: NetName=ENABLE_LCD Pin=P1-2
Added Pin To Net: NetName=ENABLE_LCD Pin=U1-14
Added Net: Name=ENABLE_LCD
Added Pin To Net: NetName=GND2 Pin=C1-1
Added Pin To Net: NetName=GND2 Pin=C2-1
Added Pin To Net: NetName=GND2 Pin=C3-1
Added Pin To Net: NetName=GND2 Pin=C4-1
Added Pin To Net: NetName=GND2 Pin=C5-1
Added Pin To Net: NetName=GND2 Pin=C6-1
Added Pin To Net: NetName=GND2 Pin=C7-2
Added Pin To Net: NetName=GND2 Pin=C8-1
Added Pin To Net: NetName=GND2 Pin=C9-2
Added Pin To Net: NetName=GND2 Pin=C10-2
Added Pin To Net: NetName=GND2 Pin=C11-2
Added Pin To Net: NetName=GND2 Pin=C14-1
Added Pin To Net: NetName=GND2 Pin=P1-10
Added Pin To Net: NetName=GND2 Pin=P2-3
Added Pin To Net: NetName=GND2 Pin=P3-2
Added Pin To Net: NetName=GND2 Pin=P3-2
Added Pin To Net: NetName=GND2 Pin=P3-2
Added Pin To Net: NetName=GND2 Pin=R2-1
Added Pin To Net: NetName=GND2 Pin=R9-2
Added Pin To Net: NetName=GND2 Pin=T1-4
Added Pin To Net: NetName=GND2 Pin=U1-6
Added Pin To Net: NetName=GND2 Pin=U1-16
Added Pin To Net: NetName=GND2 Pin=U1-29
Added Pin To Net: NetName=GND2 Pin=U1-39
Added Pin To Net: NetName=GND2 Pin=U2-5
Added Pin To Net: NetName=GND2 Pin=U3-3
Added Pin To Net: NetName=GND2 Pin=U3-6
Added Pin To Net: NetName=GND2 Pin=U5-2
Added Net: Name=GND2
Added Pin To Net: NetName=GND Pin=C15-2
Added Pin To Net: NetName=GND Pin=C16-2
Added Pin To Net: NetName=GND Pin=C17-2
Added Pin To Net: NetName=GND Pin=D1-2
Added Pin To Net: NetName=GND Pin=J1-2
Added Pin To Net: NetName=GND Pin=J1-2A
Added Pin To Net: NetName=GND Pin=J1-2B
Added Pin To Net: NetName=GND Pin=J1-3
Added Pin To Net: NetName=GND Pin=J1-3A
Added Pin To Net: NetName=GND Pin=J1-3B
Added Pin To Net: NetName=GND Pin=P4-2
Added Pin To Net: NetName=GND Pin=T1-3
Added Pin To Net: NetName=GND Pin=U4-2
Added Pin To Net: NetName=GND Pin=U5-3
Added Net: Name=GND
Added Pin To Net: NetName=NetC1_2 Pin=C1-2
Added Pin To Net: NetName=NetC1_2 Pin=U1-30
Added Pin To Net: NetName=NetC1_2 Pin=Y1-2
Added Net: Name=NetC1_2
Added Pin To Net: NetName=NetC2_2 Pin=C2-2
Added Pin To Net: NetName=NetC2_2 Pin=U1-31
Added Pin To Net: NetName=NetC2_2 Pin=Y1-1
Added Net: Name=NetC2_2
Added Pin To Net: NetName=NetC9_1 Pin=C9-1
Added Pin To Net: NetName=NetC9_1 Pin=R6-1
Added Pin To Net: NetName=NetC9_1 Pin=U2-3
Added Net: Name=NetC9_1
Added Pin To Net: NetName=NetC12_1 Pin=C12-1
Added Pin To Net: NetName=NetC12_1 Pin=R11-3
Added Pin To Net: NetName=NetC12_1 Pin=U2-2
Added Net: Name=NetC12_1
Added Pin To Net: NetName=NetC12_2 Pin=C12-2
Added Pin To Net: NetName=NetC12_2 Pin=R7-2
Added Pin To Net: NetName=NetC12_2 Pin=R10-1
Added Pin To Net: NetName=NetC12_2 Pin=U2-1
Added Net: Name=NetC12_2
Added Pin To Net: NetName=NetC13_1 Pin=C13-1
Added Pin To Net: NetName=NetC13_1 Pin=U3-2
Added Net: Name=NetC13_1
Added Pin To Net: NetName=NetC13_2 Pin=C13-2
Added Pin To Net: NetName=NetC13_2 Pin=U3-4
Added Net: Name=NetC13_2
Added Pin To Net: NetName=NetD1_1 Pin=D1-1
Added Pin To Net: NetName=NetD1_1 Pin=R15-2
Added Net: Name=NetD1_1
Added Pin To Net: NetName=NetP1_6 Pin=P1-6
Added Pin To Net: NetName=NetP1_6 Pin=R2-2
Added Net: Name=NetP1_6
Added Pin To Net: NetName=NetP2_1 Pin=P2-1
Added Pin To Net: NetName=NetP2_1 Pin=R1-1
Added Pin To Net: NetName=NetP2_1 Pin=U1-18
Added Net: Name=NetP2_1
Added Pin To Net: NetName=NetP2_4 Pin=P2-4
Added Pin To Net: NetName=NetP2_4 Pin=U1-44
Added Net: Name=NetP2_4
Added Pin To Net: NetName=NetP2_5 Pin=P2-5
Added Pin To Net: NetName=NetP2_5 Pin=U1-1
Added Net: Name=NetP2_5
Added Pin To Net: NetName=NetP3_1 Pin=P3-1
Added Pin To Net: NetName=NetP3_1 Pin=R6-2
Added Net: Name=NetP3_1
Added Pin To Net: NetName=NetP4_1 Pin=P4-1
Added Pin To Net: NetName=NetP4_1 Pin=Q1-4
Added Pin To Net: NetName=NetP4_1 Pin=R15-1
Added Net: Name=NetP4_1
Added Pin To Net: NetName=NetQ1_3 Pin=Q1-3
Added Pin To Net: NetName=NetQ1_3 Pin=R14-2
Added Net: Name=NetQ1_3
Added Pin To Net: NetName=NetR5_1 Pin=R5-1
Added Pin To Net: NetName=NetR5_1 Pin=U1-19
Added Pin To Net: NetName=NetR5_1 Pin=U2-7
Added Net: Name=NetR5_1
Added Pin To Net: NetName=NetR5_2 Pin=R5-2
Added Pin To Net: NetName=NetR5_2 Pin=R7-1
Added Pin To Net: NetName=NetR5_2 Pin=R8-2
Added Pin To Net: NetName=NetR5_2 Pin=U2-6
Added Net: Name=NetR5_2
Added Pin To Net: NetName=NetR9_1 Pin=R9-1
Added Pin To Net: NetName=NetR9_1 Pin=R11-1
Added Net: Name=NetR9_1
Added Pin To Net: NetName=NetR10_2 Pin=R10-2
Added Pin To Net: NetName=NetR10_2 Pin=R11-2
Added Net: Name=NetR10_2
Added Pin To Net: NetName=NetR12_2 Pin=R12-2
Added Pin To Net: NetName=NetR12_2 Pin=R14-1
Added Pin To Net: NetName=NetR12_2 Pin=U5-4
Added Net: Name=NetR12_2
Added Pin To Net: NetName=NetR13_1 Pin=R13-1
Added Pin To Net: NetName=NetR13_1 Pin=U1-42
Added Net: Name=NetR13_1
Added Pin To Net: NetName=NetR13_2 Pin=R13-2
Added Pin To Net: NetName=NetR13_2 Pin=U5-1
Added Net: Name=NetR13_2
Added Pin To Net: NetName=RS_LCD Pin=P1-4
Added Pin To Net: NetName=RS_LCD Pin=U1-15
Added Net: Name=RS_LCD
Added Class: Name=DoserController
Added Class: Name=pHCircuit
Added Class: Name=PowerSupply
Added Class: Name=Pump
Added Room: Name=DoserController
Added Room: Name=pHCircuit
Added Room: Name=PowerSupply
Added Room: Name=Pump
