Added Component: Designator=C1(CAPC3216L)
Added Component: Designator=C2(RESC2012L)
Added Component: Designator=C3(RESC2012L)
Added Component: Designator=C4(CAPC3216L)
Added Component: Designator=C5(RESC2012L)
Added Component: Designator=C6(RESC2012L)
Added Component: Designator=C7(CAPC3216L)
Added Component: Designator=C8(CAPC3216L)
Added Component: Designator=P1(BNC_RA CON)
Added Component: Designator=R1(AXIAL-0.3)
Added Component: Designator=R2(RESC2012L)
Added Component: Designator=R3(RESC2012L)
Added Component: Designator=R4(RESC2012L)
Added Component: Designator=R5(AXIAL-0.3)
Added Component: Designator=R6(AXIAL-0.3)
Added Component: Designator=R7(R25_turn_Top)
Added Component: Designator=U1(DIP8)
Added Component: Designator=U2(DIP8)
Added Pin To Net: NetName=+5VISO Pin=C4-1
Added Pin To Net: NetName=+5VISO Pin=C5-2
Added Pin To Net: NetName=+5VISO Pin=U1-8
Added Pin To Net: NetName=+5VISO Pin=U2-8
Added Net: Name=+5VISO
Added Pin To Net: NetName=-5VISO Pin=C1-2
Added Pin To Net: NetName=-5VISO Pin=C2-2
Added Pin To Net: NetName=-5VISO Pin=C8-2
Added Pin To Net: NetName=-5VISO Pin=R4-1
Added Pin To Net: NetName=-5VISO Pin=U1-4
Added Pin To Net: NetName=-5VISO Pin=U2-5
Added Net: Name=-5VISO
Added Pin To Net: NetName=GND2 Pin=C1-1
Added Pin To Net: NetName=GND2 Pin=C2-1
Added Pin To Net: NetName=GND2 Pin=C3-1
Added Pin To Net: NetName=GND2 Pin=C4-2
Added Pin To Net: NetName=GND2 Pin=C5-1
Added Pin To Net: NetName=GND2 Pin=C8-1
Added Pin To Net: NetName=GND2 Pin=P1-2
Added Pin To Net: NetName=GND2 Pin=P1-2
Added Pin To Net: NetName=GND2 Pin=P1-2
Added Pin To Net: NetName=GND2 Pin=R5-2
Added Pin To Net: NetName=GND2 Pin=U1-5
Added Pin To Net: NetName=GND2 Pin=U2-3
Added Pin To Net: NetName=GND2 Pin=U2-6
Added Net: Name=GND2
Added Pin To Net: NetName=NetC3_2 Pin=C3-2
Added Pin To Net: NetName=NetC3_2 Pin=R2-1
Added Pin To Net: NetName=NetC3_2 Pin=U1-3
Added Net: Name=NetC3_2
Added Pin To Net: NetName=NetC6_1 Pin=C6-1
Added Pin To Net: NetName=NetC6_1 Pin=R3-2
Added Pin To Net: NetName=NetC6_1 Pin=R6-1
Added Pin To Net: NetName=NetC6_1 Pin=U1-1
Added Net: Name=NetC6_1
Added Pin To Net: NetName=NetC6_2 Pin=C6-2
Added Pin To Net: NetName=NetC6_2 Pin=R7-3
Added Pin To Net: NetName=NetC6_2 Pin=U1-2
Added Net: Name=NetC6_2
Added Pin To Net: NetName=NetC7_1 Pin=C7-1
Added Pin To Net: NetName=NetC7_1 Pin=U2-2
Added Net: Name=NetC7_1
Added Pin To Net: NetName=NetC7_2 Pin=C7-2
Added Pin To Net: NetName=NetC7_2 Pin=U2-4
Added Net: Name=NetC7_2
Added Pin To Net: NetName=NetP1_1 Pin=P1-1
Added Pin To Net: NetName=NetP1_1 Pin=R2-2
Added Net: Name=NetP1_1
Added Pin To Net: NetName=NetR1_1 Pin=R1-1
Added Pin To Net: NetName=NetR1_1 Pin=U1-7
Added Net: Name=NetR1_1
Added Pin To Net: NetName=NetR1_2 Pin=R1-2
Added Pin To Net: NetName=NetR1_2 Pin=R3-1
Added Pin To Net: NetName=NetR1_2 Pin=R4-2
Added Pin To Net: NetName=NetR1_2 Pin=U1-6
Added Net: Name=NetR1_2
Added Pin To Net: NetName=NetR5_1 Pin=R5-1
Added Pin To Net: NetName=NetR5_1 Pin=R7-1
Added Net: Name=NetR5_1
Added Pin To Net: NetName=NetR6_2 Pin=R6-2
Added Pin To Net: NetName=NetR6_2 Pin=R7-2
Added Net: Name=NetR6_2
Added Class: Name=pHCircuit
Added Room: Name=pHCircuit
